<?xml version="1.0" encoding="UTF-8"?>
<testsuites>
  <testsuite name="CodeIgniter Application Test Suite" tests="1" assertions="1" errors="0" failures="0" skipped="0" time="1.758715">
    <testsuite name="Usermodel_test" file="/var/www/html/bw317/application/tests/models/Usermodel_test.php" tests="1" assertions="1" errors="0" failures="0" skipped="0" time="1.758715">
      <testcase name="test_insert_user_group" class="Usermodel_test" classname="Usermodel_test" file="/var/www/html/bw317/application/tests/models/Usermodel_test.php" line="15" assertions="1" time="1.758715"/>
    </testsuite>
  </testsuite>
</testsuites>
